<?xml version="1.0" encoding="UTF-8"?>
<testsuite xmlns:xsi="http://www.w3.org/2001/XMLSchema-instance" xsi:noNamespaceSchemaLocation="https://maven.apache.org/surefire/maven-surefire-plugin/xsd/surefire-test-report.xsd" name="com.wolox.challenge.ChallengeApplicationTests" time="5.804" tests="1" errors="0" skipped="0" failures="0">
  <properties>
    <property name="sun.desktop" value="windows"/>
    <property name="awt.toolkit" value="sun.awt.windows.WToolkit"/>
    <property name="file.encoding.pkg" value="sun.io"/>
    <property name="java.specification.version" value="1.8"/>
    <property name="sun.cpu.isalist" value="amd64"/>
    <property name="sun.jnu.encoding" value="Cp1252"/>
    <property name="java.class.path" value="C:\Users\pcjav\Desktop\Prueba\consumeApi\target\test-classes;C:\Users\pcjav\Desktop\Prueba\consumeApi\target\classes;C:\Users\pcjav\.m2\repository\org\springframework\boot\spring-boot-starter-data-jpa\2.4.0-M2\spring-boot-starter-data-jpa-2.4.0-M2.jar;C:\Users\pcjav\.m2\repository\org\springframework\boot\spring-boot-starter-aop\2.4.0-M2\spring-boot-starter-aop-2.4.0-M2.jar;C:\Users\pcjav\.m2\repository\org\springframework\spring-aop\5.3.0-M2\spring-aop-5.3.0-M2.jar;C:\Users\pcjav\.m2\repository\org\aspectj\aspectjweaver\1.9.6\aspectjweaver-1.9.6.jar;C:\Users\pcjav\.m2\repository\org\springframework\boot\spring-boot-starter-jdbc\2.4.0-M2\spring-boot-starter-jdbc-2.4.0-M2.jar;C:\Users\pcjav\.m2\repository\com\zaxxer\HikariCP\3.4.5\HikariCP-3.4.5.jar;C:\Users\pcjav\.m2\repository\org\springframework\spring-jdbc\5.3.0-M2\spring-jdbc-5.3.0-M2.jar;C:\Users\pcjav\.m2\repository\jakarta\transaction\jakarta.transaction-api\1.3.3\jakarta.transaction-api-1.3.3.jar;C:\Users\pcjav\.m2\repository\jakarta\persistence\jakarta.persistence-api\2.2.3\jakarta.persistence-api-2.2.3.jar;C:\Users\pcjav\.m2\repository\org\hibernate\hibernate-core\5.4.20.Final\hibernate-core-5.4.20.Final.jar;C:\Users\pcjav\.m2\repository\org\jboss\logging\jboss-logging\3.4.1.Final\jboss-logging-3.4.1.Final.jar;C:\Users\pcjav\.m2\repository\org\javassist\javassist\3.24.0-GA\javassist-3.24.0-GA.jar;C:\Users\pcjav\.m2\repository\net\bytebuddy\byte-buddy\1.10.14\byte-buddy-1.10.14.jar;C:\Users\pcjav\.m2\repository\antlr\antlr\2.7.7\antlr-2.7.7.jar;C:\Users\pcjav\.m2\repository\org\jboss\jandex\2.1.3.Final\jandex-2.1.3.Final.jar;C:\Users\pcjav\.m2\repository\org\dom4j\dom4j\2.1.3\dom4j-2.1.3.jar;C:\Users\pcjav\.m2\repository\org\hibernate\common\hibernate-commons-annotations\5.1.0.Final\hibernate-commons-annotations-5.1.0.Final.jar;C:\Users\pcjav\.m2\repository\org\glassfish\jaxb\jaxb-runtime\2.3.3\jaxb-runtime-2.3.3.jar;C:\Users\pcjav\.m2\repository\org\glassfish\jaxb\txw2\2.3.3\txw2-2.3.3.jar;C:\Users\pcjav\.m2\repository\com\sun\istack\istack-commons-runtime\3.0.11\istack-commons-runtime-3.0.11.jar;C:\Users\pcjav\.m2\repository\com\sun\activation\jakarta.activation\1.2.2\jakarta.activation-1.2.2.jar;C:\Users\pcjav\.m2\repository\org\springframework\data\spring-data-jpa\2.4.0-M2\spring-data-jpa-2.4.0-M2.jar;C:\Users\pcjav\.m2\repository\org\springframework\data\spring-data-commons\2.4.0-M2\spring-data-commons-2.4.0-M2.jar;C:\Users\pcjav\.m2\repository\org\springframework\spring-orm\5.3.0-M2\spring-orm-5.3.0-M2.jar;C:\Users\pcjav\.m2\repository\org\springframework\spring-beans\5.3.0-M2\spring-beans-5.3.0-M2.jar;C:\Users\pcjav\.m2\repository\org\springframework\spring-aspects\5.3.0-M2\spring-aspects-5.3.0-M2.jar;C:\Users\pcjav\.m2\repository\org\springframework\boot\spring-boot-starter-thymeleaf\2.4.0-M2\spring-boot-starter-thymeleaf-2.4.0-M2.jar;C:\Users\pcjav\.m2\repository\org\springframework\boot\spring-boot-starter\2.4.0-M2\spring-boot-starter-2.4.0-M2.jar;C:\Users\pcjav\.m2\repository\org\springframework\boot\spring-boot\2.4.0-M2\spring-boot-2.4.0-M2.jar;C:\Users\pcjav\.m2\repository\org\springframework\boot\spring-boot-autoconfigure\2.4.0-M2\spring-boot-autoconfigure-2.4.0-M2.jar;C:\Users\pcjav\.m2\repository\org\springframework\boot\spring-boot-starter-logging\2.4.0-M2\spring-boot-starter-logging-2.4.0-M2.jar;C:\Users\pcjav\.m2\repository\ch\qos\logback\logback-classic\1.2.3\logback-classic-1.2.3.jar;C:\Users\pcjav\.m2\repository\ch\qos\logback\logback-core\1.2.3\logback-core-1.2.3.jar;C:\Users\pcjav\.m2\repository\org\apache\logging\log4j\log4j-to-slf4j\2.13.3\log4j-to-slf4j-2.13.3.jar;C:\Users\pcjav\.m2\repository\org\apache\logging\log4j\log4j-api\2.13.3\log4j-api-2.13.3.jar;C:\Users\pcjav\.m2\repository\org\slf4j\jul-to-slf4j\1.7.30\jul-to-slf4j-1.7.30.jar;C:\Users\pcjav\.m2\repository\jakarta\annotation\jakarta.annotation-api\1.3.5\jakarta.annotation-api-1.3.5.jar;C:\Users\pcjav\.m2\repository\org\yaml\snakeyaml\1.26\snakeyaml-1.26.jar;C:\Users\pcjav\.m2\repository\org\thymeleaf\thymeleaf-spring5\3.0.11.RELEASE\thymeleaf-spring5-3.0.11.RELEASE.jar;C:\Users\pcjav\.m2\repository\org\thymeleaf\thymeleaf\3.0.11.RELEASE\thymeleaf-3.0.11.RELEASE.jar;C:\Users\pcjav\.m2\repository\org\attoparser\attoparser\2.0.5.RELEASE\attoparser-2.0.5.RELEASE.jar;C:\Users\pcjav\.m2\repository\org\unbescape\unbescape\1.1.6.RELEASE\unbescape-1.1.6.RELEASE.jar;C:\Users\pcjav\.m2\repository\org\thymeleaf\extras\thymeleaf-extras-java8time\3.0.4.RELEASE\thymeleaf-extras-java8time-3.0.4.RELEASE.jar;C:\Users\pcjav\.m2\repository\org\springframework\boot\spring-boot-starter-validation\2.4.0-M2\spring-boot-starter-validation-2.4.0-M2.jar;C:\Users\pcjav\.m2\repository\org\glassfish\jakarta.el\3.0.3\jakarta.el-3.0.3.jar;C:\Users\pcjav\.m2\repository\org\hibernate\validator\hibernate-validator\6.1.5.Final\hibernate-validator-6.1.5.Final.jar;C:\Users\pcjav\.m2\repository\jakarta\validation\jakarta.validation-api\2.0.2\jakarta.validation-api-2.0.2.jar;C:\Users\pcjav\.m2\repository\org\springframework\boot\spring-boot-starter-web\2.4.0-M2\spring-boot-starter-web-2.4.0-M2.jar;C:\Users\pcjav\.m2\repository\org\springframework\boot\spring-boot-starter-json\2.4.0-M2\spring-boot-starter-json-2.4.0-M2.jar;C:\Users\pcjav\.m2\repository\com\fasterxml\jackson\core\jackson-databind\2.11.2\jackson-databind-2.11.2.jar;C:\Users\pcjav\.m2\repository\com\fasterxml\jackson\core\jackson-core\2.11.2\jackson-core-2.11.2.jar;C:\Users\pcjav\.m2\repository\com\fasterxml\jackson\datatype\jackson-datatype-jdk8\2.11.2\jackson-datatype-jdk8-2.11.2.jar;C:\Users\pcjav\.m2\repository\com\fasterxml\jackson\datatype\jackson-datatype-jsr310\2.11.2\jackson-datatype-jsr310-2.11.2.jar;C:\Users\pcjav\.m2\repository\com\fasterxml\jackson\module\jackson-module-parameter-names\2.11.2\jackson-module-parameter-names-2.11.2.jar;C:\Users\pcjav\.m2\repository\org\springframework\boot\spring-boot-starter-tomcat\2.4.0-M2\spring-boot-starter-tomcat-2.4.0-M2.jar;C:\Users\pcjav\.m2\repository\org\apache\tomcat\embed\tomcat-embed-core\9.0.37\tomcat-embed-core-9.0.37.jar;C:\Users\pcjav\.m2\repository\org\apache\tomcat\embed\tomcat-embed-websocket\9.0.37\tomcat-embed-websocket-9.0.37.jar;C:\Users\pcjav\.m2\repository\org\springframework\spring-web\5.3.0-M2\spring-web-5.3.0-M2.jar;C:\Users\pcjav\.m2\repository\org\springframework\spring-webmvc\5.3.0-M2\spring-webmvc-5.3.0-M2.jar;C:\Users\pcjav\.m2\repository\org\springframework\spring-expression\5.3.0-M2\spring-expression-5.3.0-M2.jar;C:\Users\pcjav\.m2\repository\org\springframework\kafka\spring-kafka\2.6.0-M1\spring-kafka-2.6.0-M1.jar;C:\Users\pcjav\.m2\repository\org\springframework\spring-context\5.3.0-M2\spring-context-5.3.0-M2.jar;C:\Users\pcjav\.m2\repository\org\springframework\spring-messaging\5.3.0-M2\spring-messaging-5.3.0-M2.jar;C:\Users\pcjav\.m2\repository\org\springframework\spring-tx\5.3.0-M2\spring-tx-5.3.0-M2.jar;C:\Users\pcjav\.m2\repository\org\springframework\retry\spring-retry\1.3.0\spring-retry-1.3.0.jar;C:\Users\pcjav\.m2\repository\org\apache\kafka\kafka-clients\2.6.0\kafka-clients-2.6.0.jar;C:\Users\pcjav\.m2\repository\com\github\luben\zstd-jni\1.4.4-7\zstd-jni-1.4.4-7.jar;C:\Users\pcjav\.m2\repository\org\lz4\lz4-java\1.7.1\lz4-java-1.7.1.jar;C:\Users\pcjav\.m2\repository\org\xerial\snappy\snappy-java\1.1.7.3\snappy-java-1.1.7.3.jar;C:\Users\pcjav\.m2\repository\mysql\mysql-connector-java\8.0.21\mysql-connector-java-8.0.21.jar;C:\Users\pcjav\.m2\repository\org\postgresql\postgresql\42.2.14\postgresql-42.2.14.jar;C:\Users\pcjav\.m2\repository\org\projectlombok\lombok\1.18.12\lombok-1.18.12.jar;C:\Users\pcjav\.m2\repository\org\springframework\boot\spring-boot-starter-test\2.4.0-M2\spring-boot-starter-test-2.4.0-M2.jar;C:\Users\pcjav\.m2\repository\org\springframework\boot\spring-boot-test\2.4.0-M2\spring-boot-test-2.4.0-M2.jar;C:\Users\pcjav\.m2\repository\org\springframework\boot\spring-boot-test-autoconfigure\2.4.0-M2\spring-boot-test-autoconfigure-2.4.0-M2.jar;C:\Users\pcjav\.m2\repository\com\jayway\jsonpath\json-path\2.4.0\json-path-2.4.0.jar;C:\Users\pcjav\.m2\repository\net\minidev\json-smart\2.3\json-smart-2.3.jar;C:\Users\pcjav\.m2\repository\net\minidev\accessors-smart\1.2\accessors-smart-1.2.jar;C:\Users\pcjav\.m2\repository\org\ow2\asm\asm\5.0.4\asm-5.0.4.jar;C:\Users\pcjav\.m2\repository\jakarta\xml\bind\jakarta.xml.bind-api\2.3.3\jakarta.xml.bind-api-2.3.3.jar;C:\Users\pcjav\.m2\repository\jakarta\activation\jakarta.activation-api\1.2.2\jakarta.activation-api-1.2.2.jar;C:\Users\pcjav\.m2\repository\org\assertj\assertj-core\3.16.1\assertj-core-3.16.1.jar;C:\Users\pcjav\.m2\repository\org\hamcrest\hamcrest\2.2\hamcrest-2.2.jar;C:\Users\pcjav\.m2\repository\org\junit\jupiter\junit-jupiter\5.6.2\junit-jupiter-5.6.2.jar;C:\Users\pcjav\.m2\repository\org\junit\jupiter\junit-jupiter-params\5.6.2\junit-jupiter-params-5.6.2.jar;C:\Users\pcjav\.m2\repository\org\junit\jupiter\junit-jupiter-engine\5.6.2\junit-jupiter-engine-5.6.2.jar;C:\Users\pcjav\.m2\repository\org\junit\platform\junit-platform-engine\1.6.2\junit-platform-engine-1.6.2.jar;C:\Users\pcjav\.m2\repository\org\mockito\mockito-core\3.4.6\mockito-core-3.4.6.jar;C:\Users\pcjav\.m2\repository\net\bytebuddy\byte-buddy-agent\1.10.14\byte-buddy-agent-1.10.14.jar;C:\Users\pcjav\.m2\repository\org\objenesis\objenesis\2.6\objenesis-2.6.jar;C:\Users\pcjav\.m2\repository\org\mockito\mockito-junit-jupiter\3.4.6\mockito-junit-jupiter-3.4.6.jar;C:\Users\pcjav\.m2\repository\org\skyscreamer\jsonassert\1.5.0\jsonassert-1.5.0.jar;C:\Users\pcjav\.m2\repository\com\vaadin\external\google\android-json\0.0.20131108.vaadin1\android-json-0.0.20131108.vaadin1.jar;C:\Users\pcjav\.m2\repository\org\springframework\spring-core\5.3.0-M2\spring-core-5.3.0-M2.jar;C:\Users\pcjav\.m2\repository\org\springframework\spring-jcl\5.3.0-M2\spring-jcl-5.3.0-M2.jar;C:\Users\pcjav\.m2\repository\org\springframework\spring-test\5.3.0-M2\spring-test-5.3.0-M2.jar;C:\Users\pcjav\.m2\repository\org\xmlunit\xmlunit-core\2.7.0\xmlunit-core-2.7.0.jar;C:\Users\pcjav\.m2\repository\org\springframework\kafka\spring-kafka-test\2.6.0-M1\spring-kafka-test-2.6.0-M1.jar;C:\Users\pcjav\.m2\repository\org\apache\kafka\kafka-clients\2.6.0\kafka-clients-2.6.0-test.jar;C:\Users\pcjav\.m2\repository\org\apache\kafka\kafka-streams\2.6.0\kafka-streams-2.6.0.jar;C:\Users\pcjav\.m2\repository\org\apache\kafka\connect-json\2.6.0\connect-json-2.6.0.jar;C:\Users\pcjav\.m2\repository\org\apache\kafka\connect-api\2.6.0\connect-api-2.6.0.jar;C:\Users\pcjav\.m2\repository\org\rocksdb\rocksdbjni\5.18.4\rocksdbjni-5.18.4.jar;C:\Users\pcjav\.m2\repository\org\apache\kafka\kafka-streams-test-utils\2.6.0\kafka-streams-test-utils-2.6.0.jar;C:\Users\pcjav\.m2\repository\org\apache\kafka\kafka_2.13\2.6.0\kafka_2.13-2.6.0.jar;C:\Users\pcjav\.m2\repository\com\fasterxml\jackson\module\jackson-module-scala_2.13\2.11.2\jackson-module-scala_2.13-2.11.2.jar;C:\Users\pcjav\.m2\repository\com\fasterxml\jackson\module\jackson-module-paranamer\2.11.2\jackson-module-paranamer-2.11.2.jar;C:\Users\pcjav\.m2\repository\com\thoughtworks\paranamer\paranamer\2.8\paranamer-2.8.jar;C:\Users\pcjav\.m2\repository\com\fasterxml\jackson\dataformat\jackson-dataformat-csv\2.11.2\jackson-dataformat-csv-2.11.2.jar;C:\Users\pcjav\.m2\repository\net\sf\jopt-simple\jopt-simple\5.0.4\jopt-simple-5.0.4.jar;C:\Users\pcjav\.m2\repository\com\yammer\metrics\metrics-core\2.2.0\metrics-core-2.2.0.jar;C:\Users\pcjav\.m2\repository\org\scala-lang\modules\scala-collection-compat_2.13\2.1.6\scala-collection-compat_2.13-2.1.6.jar;C:\Users\pcjav\.m2\repository\org\scala-lang\modules\scala-java8-compat_2.13\0.9.1\scala-java8-compat_2.13-0.9.1.jar;C:\Users\pcjav\.m2\repository\org\scala-lang\scala-library\2.13.2\scala-library-2.13.2.jar;C:\Users\pcjav\.m2\repository\org\scala-lang\scala-reflect\2.13.2\scala-reflect-2.13.2.jar;C:\Users\pcjav\.m2\repository\com\typesafe\scala-logging\scala-logging_2.13\3.9.2\scala-logging_2.13-3.9.2.jar;C:\Users\pcjav\.m2\repository\org\apache\zookeeper\zookeeper\3.5.8\zookeeper-3.5.8.jar;C:\Users\pcjav\.m2\repository\org\apache\zookeeper\zookeeper-jute\3.5.8\zookeeper-jute-3.5.8.jar;C:\Users\pcjav\.m2\repository\org\apache\yetus\audience-annotations\0.5.0\audience-annotations-0.5.0.jar;C:\Users\pcjav\.m2\repository\io\netty\netty-handler\4.1.51.Final\netty-handler-4.1.51.Final.jar;C:\Users\pcjav\.m2\repository\io\netty\netty-common\4.1.51.Final\netty-common-4.1.51.Final.jar;C:\Users\pcjav\.m2\repository\io\netty\netty-resolver\4.1.51.Final\netty-resolver-4.1.51.Final.jar;C:\Users\pcjav\.m2\repository\io\netty\netty-buffer\4.1.51.Final\netty-buffer-4.1.51.Final.jar;C:\Users\pcjav\.m2\repository\io\netty\netty-transport\4.1.51.Final\netty-transport-4.1.51.Final.jar;C:\Users\pcjav\.m2\repository\io\netty\netty-codec\4.1.51.Final\netty-codec-4.1.51.Final.jar;C:\Users\pcjav\.m2\repository\io\netty\netty-transport-native-epoll\4.1.51.Final\netty-transport-native-epoll-4.1.51.Final.jar;C:\Users\pcjav\.m2\repository\io\netty\netty-transport-native-unix-common\4.1.51.Final\netty-transport-native-unix-common-4.1.51.Final.jar;C:\Users\pcjav\.m2\repository\commons-cli\commons-cli\1.4\commons-cli-1.4.jar;C:\Users\pcjav\.m2\repository\org\apache\kafka\kafka_2.13\2.6.0\kafka_2.13-2.6.0-test.jar;C:\Users\pcjav\.m2\repository\org\junit\jupiter\junit-jupiter-api\5.6.2\junit-jupiter-api-5.6.2.jar;C:\Users\pcjav\.m2\repository\org\apiguardian\apiguardian-api\1.1.0\apiguardian-api-1.1.0.jar;C:\Users\pcjav\.m2\repository\org\opentest4j\opentest4j\1.2.0\opentest4j-1.2.0.jar;C:\Users\pcjav\.m2\repository\org\junit\platform\junit-platform-commons\1.6.2\junit-platform-commons-1.6.2.jar;C:\Users\pcjav\.m2\repository\io\springfox\springfox-swagger2\2.9.2\springfox-swagger2-2.9.2.jar;C:\Users\pcjav\.m2\repository\io\swagger\swagger-annotations\1.5.20\swagger-annotations-1.5.20.jar;C:\Users\pcjav\.m2\repository\io\swagger\swagger-models\1.5.20\swagger-models-1.5.20.jar;C:\Users\pcjav\.m2\repository\com\fasterxml\jackson\core\jackson-annotations\2.11.2\jackson-annotations-2.11.2.jar;C:\Users\pcjav\.m2\repository\io\springfox\springfox-spi\2.9.2\springfox-spi-2.9.2.jar;C:\Users\pcjav\.m2\repository\io\springfox\springfox-core\2.9.2\springfox-core-2.9.2.jar;C:\Users\pcjav\.m2\repository\io\springfox\springfox-schema\2.9.2\springfox-schema-2.9.2.jar;C:\Users\pcjav\.m2\repository\io\springfox\springfox-swagger-common\2.9.2\springfox-swagger-common-2.9.2.jar;C:\Users\pcjav\.m2\repository\io\springfox\springfox-spring-web\2.9.2\springfox-spring-web-2.9.2.jar;C:\Users\pcjav\.m2\repository\com\google\guava\guava\20.0\guava-20.0.jar;C:\Users\pcjav\.m2\repository\com\fasterxml\classmate\1.5.1\classmate-1.5.1.jar;C:\Users\pcjav\.m2\repository\org\slf4j\slf4j-api\1.7.30\slf4j-api-1.7.30.jar;C:\Users\pcjav\.m2\repository\org\springframework\plugin\spring-plugin-core\1.2.0.RELEASE\spring-plugin-core-1.2.0.RELEASE.jar;C:\Users\pcjav\.m2\repository\org\springframework\plugin\spring-plugin-metadata\1.2.0.RELEASE\spring-plugin-metadata-1.2.0.RELEASE.jar;C:\Users\pcjav\.m2\repository\org\mapstruct\mapstruct\1.2.0.Final\mapstruct-1.2.0.Final.jar;C:\Users\pcjav\.m2\repository\io\springfox\springfox-swagger-ui\2.9.2\springfox-swagger-ui-2.9.2.jar;C:\Users\pcjav\.m2\repository\com\google\code\gson\gson\2.8.5\gson-2.8.5.jar;"/>
    <property name="java.vm.vendor" value="Oracle Corporation"/>
    <property name="sun.arch.data.model" value="64"/>
    <property name="user.variant" value=""/>
    <property name="java.vendor.url" value="http://java.oracle.com/"/>
    <property name="user.timezone" value="America/Bogota"/>
    <property name="java.vm.specification.version" value="1.8"/>
    <property name="os.name" value="Windows 10"/>
    <property name="user.country" value="EC"/>
    <property name="sun.java.launcher" value="SUN_STANDARD"/>
    <property name="sun.boot.library.path" value="C:\Program Files\Java\jdk1.8.0_202\jre\bin"/>
    <property name="sun.java.command" value="C:\Users\pcjav\AppData\Local\Temp\surefire2541228255334573219\surefirebooter7859128795148100943.jar C:\Users\pcjav\AppData\Local\Temp\surefire2541228255334573219 2022-04-08T19-05-41_420-jvmRun1 surefire2670601582905145491tmp surefire_04403241293227946064tmp"/>
    <property name="surefire.test.class.path" value="C:\Users\pcjav\Desktop\Prueba\consumeApi\target\test-classes;C:\Users\pcjav\Desktop\Prueba\consumeApi\target\classes;C:\Users\pcjav\.m2\repository\org\springframework\boot\spring-boot-starter-data-jpa\2.4.0-M2\spring-boot-starter-data-jpa-2.4.0-M2.jar;C:\Users\pcjav\.m2\repository\org\springframework\boot\spring-boot-starter-aop\2.4.0-M2\spring-boot-starter-aop-2.4.0-M2.jar;C:\Users\pcjav\.m2\repository\org\springframework\spring-aop\5.3.0-M2\spring-aop-5.3.0-M2.jar;C:\Users\pcjav\.m2\repository\org\aspectj\aspectjweaver\1.9.6\aspectjweaver-1.9.6.jar;C:\Users\pcjav\.m2\repository\org\springframework\boot\spring-boot-starter-jdbc\2.4.0-M2\spring-boot-starter-jdbc-2.4.0-M2.jar;C:\Users\pcjav\.m2\repository\com\zaxxer\HikariCP\3.4.5\HikariCP-3.4.5.jar;C:\Users\pcjav\.m2\repository\org\springframework\spring-jdbc\5.3.0-M2\spring-jdbc-5.3.0-M2.jar;C:\Users\pcjav\.m2\repository\jakarta\transaction\jakarta.transaction-api\1.3.3\jakarta.transaction-api-1.3.3.jar;C:\Users\pcjav\.m2\repository\jakarta\persistence\jakarta.persistence-api\2.2.3\jakarta.persistence-api-2.2.3.jar;C:\Users\pcjav\.m2\repository\org\hibernate\hibernate-core\5.4.20.Final\hibernate-core-5.4.20.Final.jar;C:\Users\pcjav\.m2\repository\org\jboss\logging\jboss-logging\3.4.1.Final\jboss-logging-3.4.1.Final.jar;C:\Users\pcjav\.m2\repository\org\javassist\javassist\3.24.0-GA\javassist-3.24.0-GA.jar;C:\Users\pcjav\.m2\repository\net\bytebuddy\byte-buddy\1.10.14\byte-buddy-1.10.14.jar;C:\Users\pcjav\.m2\repository\antlr\antlr\2.7.7\antlr-2.7.7.jar;C:\Users\pcjav\.m2\repository\org\jboss\jandex\2.1.3.Final\jandex-2.1.3.Final.jar;C:\Users\pcjav\.m2\repository\org\dom4j\dom4j\2.1.3\dom4j-2.1.3.jar;C:\Users\pcjav\.m2\repository\org\hibernate\common\hibernate-commons-annotations\5.1.0.Final\hibernate-commons-annotations-5.1.0.Final.jar;C:\Users\pcjav\.m2\repository\org\glassfish\jaxb\jaxb-runtime\2.3.3\jaxb-runtime-2.3.3.jar;C:\Users\pcjav\.m2\repository\org\glassfish\jaxb\txw2\2.3.3\txw2-2.3.3.jar;C:\Users\pcjav\.m2\repository\com\sun\istack\istack-commons-runtime\3.0.11\istack-commons-runtime-3.0.11.jar;C:\Users\pcjav\.m2\repository\com\sun\activation\jakarta.activation\1.2.2\jakarta.activation-1.2.2.jar;C:\Users\pcjav\.m2\repository\org\springframework\data\spring-data-jpa\2.4.0-M2\spring-data-jpa-2.4.0-M2.jar;C:\Users\pcjav\.m2\repository\org\springframework\data\spring-data-commons\2.4.0-M2\spring-data-commons-2.4.0-M2.jar;C:\Users\pcjav\.m2\repository\org\springframework\spring-orm\5.3.0-M2\spring-orm-5.3.0-M2.jar;C:\Users\pcjav\.m2\repository\org\springframework\spring-beans\5.3.0-M2\spring-beans-5.3.0-M2.jar;C:\Users\pcjav\.m2\repository\org\springframework\spring-aspects\5.3.0-M2\spring-aspects-5.3.0-M2.jar;C:\Users\pcjav\.m2\repository\org\springframework\boot\spring-boot-starter-thymeleaf\2.4.0-M2\spring-boot-starter-thymeleaf-2.4.0-M2.jar;C:\Users\pcjav\.m2\repository\org\springframework\boot\spring-boot-starter\2.4.0-M2\spring-boot-starter-2.4.0-M2.jar;C:\Users\pcjav\.m2\repository\org\springframework\boot\spring-boot\2.4.0-M2\spring-boot-2.4.0-M2.jar;C:\Users\pcjav\.m2\repository\org\springframework\boot\spring-boot-autoconfigure\2.4.0-M2\spring-boot-autoconfigure-2.4.0-M2.jar;C:\Users\pcjav\.m2\repository\org\springframework\boot\spring-boot-starter-logging\2.4.0-M2\spring-boot-starter-logging-2.4.0-M2.jar;C:\Users\pcjav\.m2\repository\ch\qos\logback\logback-classic\1.2.3\logback-classic-1.2.3.jar;C:\Users\pcjav\.m2\repository\ch\qos\logback\logback-core\1.2.3\logback-core-1.2.3.jar;C:\Users\pcjav\.m2\repository\org\apache\logging\log4j\log4j-to-slf4j\2.13.3\log4j-to-slf4j-2.13.3.jar;C:\Users\pcjav\.m2\repository\org\apache\logging\log4j\log4j-api\2.13.3\log4j-api-2.13.3.jar;C:\Users\pcjav\.m2\repository\org\slf4j\jul-to-slf4j\1.7.30\jul-to-slf4j-1.7.30.jar;C:\Users\pcjav\.m2\repository\jakarta\annotation\jakarta.annotation-api\1.3.5\jakarta.annotation-api-1.3.5.jar;C:\Users\pcjav\.m2\repository\org\yaml\snakeyaml\1.26\snakeyaml-1.26.jar;C:\Users\pcjav\.m2\repository\org\thymeleaf\thymeleaf-spring5\3.0.11.RELEASE\thymeleaf-spring5-3.0.11.RELEASE.jar;C:\Users\pcjav\.m2\repository\org\thymeleaf\thymeleaf\3.0.11.RELEASE\thymeleaf-3.0.11.RELEASE.jar;C:\Users\pcjav\.m2\repository\org\attoparser\attoparser\2.0.5.RELEASE\attoparser-2.0.5.RELEASE.jar;C:\Users\pcjav\.m2\repository\org\unbescape\unbescape\1.1.6.RELEASE\unbescape-1.1.6.RELEASE.jar;C:\Users\pcjav\.m2\repository\org\thymeleaf\extras\thymeleaf-extras-java8time\3.0.4.RELEASE\thymeleaf-extras-java8time-3.0.4.RELEASE.jar;C:\Users\pcjav\.m2\repository\org\springframework\boot\spring-boot-starter-validation\2.4.0-M2\spring-boot-starter-validation-2.4.0-M2.jar;C:\Users\pcjav\.m2\repository\org\glassfish\jakarta.el\3.0.3\jakarta.el-3.0.3.jar;C:\Users\pcjav\.m2\repository\org\hibernate\validator\hibernate-validator\6.1.5.Final\hibernate-validator-6.1.5.Final.jar;C:\Users\pcjav\.m2\repository\jakarta\validation\jakarta.validation-api\2.0.2\jakarta.validation-api-2.0.2.jar;C:\Users\pcjav\.m2\repository\org\springframework\boot\spring-boot-starter-web\2.4.0-M2\spring-boot-starter-web-2.4.0-M2.jar;C:\Users\pcjav\.m2\repository\org\springframework\boot\spring-boot-starter-json\2.4.0-M2\spring-boot-starter-json-2.4.0-M2.jar;C:\Users\pcjav\.m2\repository\com\fasterxml\jackson\core\jackson-databind\2.11.2\jackson-databind-2.11.2.jar;C:\Users\pcjav\.m2\repository\com\fasterxml\jackson\core\jackson-core\2.11.2\jackson-core-2.11.2.jar;C:\Users\pcjav\.m2\repository\com\fasterxml\jackson\datatype\jackson-datatype-jdk8\2.11.2\jackson-datatype-jdk8-2.11.2.jar;C:\Users\pcjav\.m2\repository\com\fasterxml\jackson\datatype\jackson-datatype-jsr310\2.11.2\jackson-datatype-jsr310-2.11.2.jar;C:\Users\pcjav\.m2\repository\com\fasterxml\jackson\module\jackson-module-parameter-names\2.11.2\jackson-module-parameter-names-2.11.2.jar;C:\Users\pcjav\.m2\repository\org\springframework\boot\spring-boot-starter-tomcat\2.4.0-M2\spring-boot-starter-tomcat-2.4.0-M2.jar;C:\Users\pcjav\.m2\repository\org\apache\tomcat\embed\tomcat-embed-core\9.0.37\tomcat-embed-core-9.0.37.jar;C:\Users\pcjav\.m2\repository\org\apache\tomcat\embed\tomcat-embed-websocket\9.0.37\tomcat-embed-websocket-9.0.37.jar;C:\Users\pcjav\.m2\repository\org\springframework\spring-web\5.3.0-M2\spring-web-5.3.0-M2.jar;C:\Users\pcjav\.m2\repository\org\springframework\spring-webmvc\5.3.0-M2\spring-webmvc-5.3.0-M2.jar;C:\Users\pcjav\.m2\repository\org\springframework\spring-expression\5.3.0-M2\spring-expression-5.3.0-M2.jar;C:\Users\pcjav\.m2\repository\org\springframework\kafka\spring-kafka\2.6.0-M1\spring-kafka-2.6.0-M1.jar;C:\Users\pcjav\.m2\repository\org\springframework\spring-context\5.3.0-M2\spring-context-5.3.0-M2.jar;C:\Users\pcjav\.m2\repository\org\springframework\spring-messaging\5.3.0-M2\spring-messaging-5.3.0-M2.jar;C:\Users\pcjav\.m2\repository\org\springframework\spring-tx\5.3.0-M2\spring-tx-5.3.0-M2.jar;C:\Users\pcjav\.m2\repository\org\springframework\retry\spring-retry\1.3.0\spring-retry-1.3.0.jar;C:\Users\pcjav\.m2\repository\org\apache\kafka\kafka-clients\2.6.0\kafka-clients-2.6.0.jar;C:\Users\pcjav\.m2\repository\com\github\luben\zstd-jni\1.4.4-7\zstd-jni-1.4.4-7.jar;C:\Users\pcjav\.m2\repository\org\lz4\lz4-java\1.7.1\lz4-java-1.7.1.jar;C:\Users\pcjav\.m2\repository\org\xerial\snappy\snappy-java\1.1.7.3\snappy-java-1.1.7.3.jar;C:\Users\pcjav\.m2\repository\mysql\mysql-connector-java\8.0.21\mysql-connector-java-8.0.21.jar;C:\Users\pcjav\.m2\repository\org\postgresql\postgresql\42.2.14\postgresql-42.2.14.jar;C:\Users\pcjav\.m2\repository\org\projectlombok\lombok\1.18.12\lombok-1.18.12.jar;C:\Users\pcjav\.m2\repository\org\springframework\boot\spring-boot-starter-test\2.4.0-M2\spring-boot-starter-test-2.4.0-M2.jar;C:\Users\pcjav\.m2\repository\org\springframework\boot\spring-boot-test\2.4.0-M2\spring-boot-test-2.4.0-M2.jar;C:\Users\pcjav\.m2\repository\org\springframework\boot\spring-boot-test-autoconfigure\2.4.0-M2\spring-boot-test-autoconfigure-2.4.0-M2.jar;C:\Users\pcjav\.m2\repository\com\jayway\jsonpath\json-path\2.4.0\json-path-2.4.0.jar;C:\Users\pcjav\.m2\repository\net\minidev\json-smart\2.3\json-smart-2.3.jar;C:\Users\pcjav\.m2\repository\net\minidev\accessors-smart\1.2\accessors-smart-1.2.jar;C:\Users\pcjav\.m2\repository\org\ow2\asm\asm\5.0.4\asm-5.0.4.jar;C:\Users\pcjav\.m2\repository\jakarta\xml\bind\jakarta.xml.bind-api\2.3.3\jakarta.xml.bind-api-2.3.3.jar;C:\Users\pcjav\.m2\repository\jakarta\activation\jakarta.activation-api\1.2.2\jakarta.activation-api-1.2.2.jar;C:\Users\pcjav\.m2\repository\org\assertj\assertj-core\3.16.1\assertj-core-3.16.1.jar;C:\Users\pcjav\.m2\repository\org\hamcrest\hamcrest\2.2\hamcrest-2.2.jar;C:\Users\pcjav\.m2\repository\org\junit\jupiter\junit-jupiter\5.6.2\junit-jupiter-5.6.2.jar;C:\Users\pcjav\.m2\repository\org\junit\jupiter\junit-jupiter-params\5.6.2\junit-jupiter-params-5.6.2.jar;C:\Users\pcjav\.m2\repository\org\junit\jupiter\junit-jupiter-engine\5.6.2\junit-jupiter-engine-5.6.2.jar;C:\Users\pcjav\.m2\repository\org\junit\platform\junit-platform-engine\1.6.2\junit-platform-engine-1.6.2.jar;C:\Users\pcjav\.m2\repository\org\mockito\mockito-core\3.4.6\mockito-core-3.4.6.jar;C:\Users\pcjav\.m2\repository\net\bytebuddy\byte-buddy-agent\1.10.14\byte-buddy-agent-1.10.14.jar;C:\Users\pcjav\.m2\repository\org\objenesis\objenesis\2.6\objenesis-2.6.jar;C:\Users\pcjav\.m2\repository\org\mockito\mockito-junit-jupiter\3.4.6\mockito-junit-jupiter-3.4.6.jar;C:\Users\pcjav\.m2\repository\org\skyscreamer\jsonassert\1.5.0\jsonassert-1.5.0.jar;C:\Users\pcjav\.m2\repository\com\vaadin\external\google\android-json\0.0.20131108.vaadin1\android-json-0.0.20131108.vaadin1.jar;C:\Users\pcjav\.m2\repository\org\springframework\spring-core\5.3.0-M2\spring-core-5.3.0-M2.jar;C:\Users\pcjav\.m2\repository\org\springframework\spring-jcl\5.3.0-M2\spring-jcl-5.3.0-M2.jar;C:\Users\pcjav\.m2\repository\org\springframework\spring-test\5.3.0-M2\spring-test-5.3.0-M2.jar;C:\Users\pcjav\.m2\repository\org\xmlunit\xmlunit-core\2.7.0\xmlunit-core-2.7.0.jar;C:\Users\pcjav\.m2\repository\org\springframework\kafka\spring-kafka-test\2.6.0-M1\spring-kafka-test-2.6.0-M1.jar;C:\Users\pcjav\.m2\repository\org\apache\kafka\kafka-clients\2.6.0\kafka-clients-2.6.0-test.jar;C:\Users\pcjav\.m2\repository\org\apache\kafka\kafka-streams\2.6.0\kafka-streams-2.6.0.jar;C:\Users\pcjav\.m2\repository\org\apache\kafka\connect-json\2.6.0\connect-json-2.6.0.jar;C:\Users\pcjav\.m2\repository\org\apache\kafka\connect-api\2.6.0\connect-api-2.6.0.jar;C:\Users\pcjav\.m2\repository\org\rocksdb\rocksdbjni\5.18.4\rocksdbjni-5.18.4.jar;C:\Users\pcjav\.m2\repository\org\apache\kafka\kafka-streams-test-utils\2.6.0\kafka-streams-test-utils-2.6.0.jar;C:\Users\pcjav\.m2\repository\org\apache\kafka\kafka_2.13\2.6.0\kafka_2.13-2.6.0.jar;C:\Users\pcjav\.m2\repository\com\fasterxml\jackson\module\jackson-module-scala_2.13\2.11.2\jackson-module-scala_2.13-2.11.2.jar;C:\Users\pcjav\.m2\repository\com\fasterxml\jackson\module\jackson-module-paranamer\2.11.2\jackson-module-paranamer-2.11.2.jar;C:\Users\pcjav\.m2\repository\com\thoughtworks\paranamer\paranamer\2.8\paranamer-2.8.jar;C:\Users\pcjav\.m2\repository\com\fasterxml\jackson\dataformat\jackson-dataformat-csv\2.11.2\jackson-dataformat-csv-2.11.2.jar;C:\Users\pcjav\.m2\repository\net\sf\jopt-simple\jopt-simple\5.0.4\jopt-simple-5.0.4.jar;C:\Users\pcjav\.m2\repository\com\yammer\metrics\metrics-core\2.2.0\metrics-core-2.2.0.jar;C:\Users\pcjav\.m2\repository\org\scala-lang\modules\scala-collection-compat_2.13\2.1.6\scala-collection-compat_2.13-2.1.6.jar;C:\Users\pcjav\.m2\repository\org\scala-lang\modules\scala-java8-compat_2.13\0.9.1\scala-java8-compat_2.13-0.9.1.jar;C:\Users\pcjav\.m2\repository\org\scala-lang\scala-library\2.13.2\scala-library-2.13.2.jar;C:\Users\pcjav\.m2\repository\org\scala-lang\scala-reflect\2.13.2\scala-reflect-2.13.2.jar;C:\Users\pcjav\.m2\repository\com\typesafe\scala-logging\scala-logging_2.13\3.9.2\scala-logging_2.13-3.9.2.jar;C:\Users\pcjav\.m2\repository\org\apache\zookeeper\zookeeper\3.5.8\zookeeper-3.5.8.jar;C:\Users\pcjav\.m2\repository\org\apache\zookeeper\zookeeper-jute\3.5.8\zookeeper-jute-3.5.8.jar;C:\Users\pcjav\.m2\repository\org\apache\yetus\audience-annotations\0.5.0\audience-annotations-0.5.0.jar;C:\Users\pcjav\.m2\repository\io\netty\netty-handler\4.1.51.Final\netty-handler-4.1.51.Final.jar;C:\Users\pcjav\.m2\repository\io\netty\netty-common\4.1.51.Final\netty-common-4.1.51.Final.jar;C:\Users\pcjav\.m2\repository\io\netty\netty-resolver\4.1.51.Final\netty-resolver-4.1.51.Final.jar;C:\Users\pcjav\.m2\repository\io\netty\netty-buffer\4.1.51.Final\netty-buffer-4.1.51.Final.jar;C:\Users\pcjav\.m2\repository\io\netty\netty-transport\4.1.51.Final\netty-transport-4.1.51.Final.jar;C:\Users\pcjav\.m2\repository\io\netty\netty-codec\4.1.51.Final\netty-codec-4.1.51.Final.jar;C:\Users\pcjav\.m2\repository\io\netty\netty-transport-native-epoll\4.1.51.Final\netty-transport-native-epoll-4.1.51.Final.jar;C:\Users\pcjav\.m2\repository\io\netty\netty-transport-native-unix-common\4.1.51.Final\netty-transport-native-unix-common-4.1.51.Final.jar;C:\Users\pcjav\.m2\repository\commons-cli\commons-cli\1.4\commons-cli-1.4.jar;C:\Users\pcjav\.m2\repository\org\apache\kafka\kafka_2.13\2.6.0\kafka_2.13-2.6.0-test.jar;C:\Users\pcjav\.m2\repository\org\junit\jupiter\junit-jupiter-api\5.6.2\junit-jupiter-api-5.6.2.jar;C:\Users\pcjav\.m2\repository\org\apiguardian\apiguardian-api\1.1.0\apiguardian-api-1.1.0.jar;C:\Users\pcjav\.m2\repository\org\opentest4j\opentest4j\1.2.0\opentest4j-1.2.0.jar;C:\Users\pcjav\.m2\repository\org\junit\platform\junit-platform-commons\1.6.2\junit-platform-commons-1.6.2.jar;C:\Users\pcjav\.m2\repository\io\springfox\springfox-swagger2\2.9.2\springfox-swagger2-2.9.2.jar;C:\Users\pcjav\.m2\repository\io\swagger\swagger-annotations\1.5.20\swagger-annotations-1.5.20.jar;C:\Users\pcjav\.m2\repository\io\swagger\swagger-models\1.5.20\swagger-models-1.5.20.jar;C:\Users\pcjav\.m2\repository\com\fasterxml\jackson\core\jackson-annotations\2.11.2\jackson-annotations-2.11.2.jar;C:\Users\pcjav\.m2\repository\io\springfox\springfox-spi\2.9.2\springfox-spi-2.9.2.jar;C:\Users\pcjav\.m2\repository\io\springfox\springfox-core\2.9.2\springfox-core-2.9.2.jar;C:\Users\pcjav\.m2\repository\io\springfox\springfox-schema\2.9.2\springfox-schema-2.9.2.jar;C:\Users\pcjav\.m2\repository\io\springfox\springfox-swagger-common\2.9.2\springfox-swagger-common-2.9.2.jar;C:\Users\pcjav\.m2\repository\io\springfox\springfox-spring-web\2.9.2\springfox-spring-web-2.9.2.jar;C:\Users\pcjav\.m2\repository\com\google\guava\guava\20.0\guava-20.0.jar;C:\Users\pcjav\.m2\repository\com\fasterxml\classmate\1.5.1\classmate-1.5.1.jar;C:\Users\pcjav\.m2\repository\org\slf4j\slf4j-api\1.7.30\slf4j-api-1.7.30.jar;C:\Users\pcjav\.m2\repository\org\springframework\plugin\spring-plugin-core\1.2.0.RELEASE\spring-plugin-core-1.2.0.RELEASE.jar;C:\Users\pcjav\.m2\repository\org\springframework\plugin\spring-plugin-metadata\1.2.0.RELEASE\spring-plugin-metadata-1.2.0.RELEASE.jar;C:\Users\pcjav\.m2\repository\org\mapstruct\mapstruct\1.2.0.Final\mapstruct-1.2.0.Final.jar;C:\Users\pcjav\.m2\repository\io\springfox\springfox-swagger-ui\2.9.2\springfox-swagger-ui-2.9.2.jar;C:\Users\pcjav\.m2\repository\com\google\code\gson\gson\2.8.5\gson-2.8.5.jar;"/>
    <property name="sun.cpu.endian" value="little"/>
    <property name="user.home" value="C:\Users\pcjav"/>
    <property name="user.language" value="es"/>
    <property name="java.specification.vendor" value="Oracle Corporation"/>
    <property name="java.home" value="C:\Program Files\Java\jdk1.8.0_202\jre"/>
    <property name="basedir" value="C:\Users\pcjav\Desktop\Prueba\consumeApi"/>
    <property name="style.color" value="always"/>
    <property name="file.separator" value="\"/>
    <property name="line.separator" value="&#10;"/>
    <property name="java.vm.specification.vendor" value="Oracle Corporation"/>
    <property name="java.specification.name" value="Java Platform API Specification"/>
    <property name="java.awt.graphicsenv" value="sun.awt.Win32GraphicsEnvironment"/>
    <property name="surefire.real.class.path" value="C:\Users\pcjav\AppData\Local\Temp\surefire2541228255334573219\surefirebooter7859128795148100943.jar"/>
    <property name="sun.boot.class.path" value="C:\Program Files\Java\jdk1.8.0_202\jre\lib\resources.jar;C:\Program Files\Java\jdk1.8.0_202\jre\lib\rt.jar;C:\Program Files\Java\jdk1.8.0_202\jre\lib\sunrsasign.jar;C:\Program Files\Java\jdk1.8.0_202\jre\lib\jsse.jar;C:\Program Files\Java\jdk1.8.0_202\jre\lib\jce.jar;C:\Program Files\Java\jdk1.8.0_202\jre\lib\charsets.jar;C:\Program Files\Java\jdk1.8.0_202\jre\lib\jfr.jar;C:\Program Files\Java\jdk1.8.0_202\jre\classes"/>
    <property name="user.script" value=""/>
    <property name="sun.management.compiler" value="HotSpot 64-Bit Tiered Compilers"/>
    <property name="java.runtime.version" value="1.8.0_202-b08"/>
    <property name="user.name" value="pcjav"/>
    <property name="path.separator" value=";"/>
    <property name="os.version" value="10.0"/>
    <property name="java.endorsed.dirs" value="C:\Program Files\Java\jdk1.8.0_202\jre\lib\endorsed"/>
    <property name="java.runtime.name" value="Java(TM) SE Runtime Environment"/>
    <property name="file.encoding" value="Cp1252"/>
    <property name="java.vm.name" value="Java HotSpot(TM) 64-Bit Server VM"/>
    <property name="localRepository" value="C:\Users\pcjav\.m2\repository"/>
    <property name="java.vendor.url.bug" value="http://bugreport.sun.com/bugreport/"/>
    <property name="java.io.tmpdir" value="C:\Users\pcjav\AppData\Local\Temp\"/>
    <property name="java.version" value="1.8.0_202"/>
    <property name="user.dir" value="C:\Users\pcjav\Desktop\Prueba\consumeApi"/>
    <property name="os.arch" value="amd64"/>
    <property name="java.vm.specification.name" value="Java Virtual Machine Specification"/>
    <property name="java.awt.printerjob" value="sun.awt.windows.WPrinterJob"/>
    <property name="sun.os.patch.level" value=""/>
    <property name="java.library.path" value="C:\Program Files\Java\jdk1.8.0_202\jre\bin;C:\WINDOWS\Sun\Java\bin;C:\WINDOWS\system32;C:\WINDOWS;C:/Users/pcjav/Downloads/sts-4.14.0.RELEASE//plugins/org.eclipse.justj.openjdk.hotspot.jre.full.win32.x86_64_17.0.2.v20220201-1208/jre/bin/server;C:/Users/pcjav/Downloads/sts-4.14.0.RELEASE//plugins/org.eclipse.justj.openjdk.hotspot.jre.full.win32.x86_64_17.0.2.v20220201-1208/jre/bin;C:\Program Files\Rockwell Software\RSCommon;C:\Program Files\Java\jdk1.8.0_202\bin;C:\Program Files\Eclipse Adoptium\jdk-8.0.312.7-hotspot\bin;C:\Program Files (x86)\Common Files\Oracle\Java\javapath;C:\WINDOWS\system32;C:\WINDOWS;C:\WINDOWS\System32\Wbem;C:\WINDOWS\System32\WindowsPowerShell\v1.0\;C:\WINDOWS\System32\OpenSSH\;C:\Users\pcjav\AppData\Local\Microsoft\WindowsApps;C:\Users\pcjav\AppData\Local\GitHubDesktop\bin;C:\Users\pcjav\AppData\Local\Programs\Microsoft VS Code\bin;;C:\Users\pcjav\Downloads\sts-4.14.0.RELEASE;;."/>
    <property name="java.vm.info" value="mixed mode"/>
    <property name="java.vendor" value="Oracle Corporation"/>
    <property name="java.vm.version" value="25.202-b08"/>
    <property name="java.ext.dirs" value="C:\Program Files\Java\jdk1.8.0_202\jre\lib\ext;C:\WINDOWS\Sun\Java\lib\ext"/>
    <property name="sun.io.unicode.encoding" value="UnicodeLittle"/>
    <property name="java.class.version" value="52.0"/>
  </properties>
  <testcase name="contextLoads" classname="com.wolox.challenge.ChallengeApplicationTests" time="0.064"/>
</testsuite>